1638359572768	geckodriver	INFO	Listening on 127.0.0.1:39715
1638359573298	mozrunner::runner	INFO	Running command: "/usr/bin/firefox" "--marionette" "--remote-debugging-port" "38811" "-no-remote" "-profile" "/tmp/rust_mozprofileCjFeYU"
1638359573946	Marionette	INFO	Marionette enabled
console.warn: SearchSettings: "get: No settings file exists, new profile?" (new NotFoundError("Could not open the file at /tmp/rust_mozprofileCjFeYU/search.json.mozlz4", (void 0)))
DevTools listening on ws://localhost:38811/devtools/browser/0659384f-6a2d-46cd-b0be-dcf20f5f02a7
1638359575482	Marionette	INFO	Listening on port 32851
1638359575534	RemoteAgent	WARN	TLS certificate errors will be ignored for this session
JavaScript error: resource:///actors/FormValidationChild.jsm, line 177: TypeError: this._element is null
1638359586504	Marionette	INFO	Stopped listening on port 32851
console.warn: TopSitesFeed: Failed to fetch data from Contile server: NetworkError when attempting to fetch resource.
1638359997178	geckodriver	INFO	Listening on 127.0.0.1:45715
1638359997205	mozrunner::runner	INFO	Running command: "/usr/bin/firefox" "--marionette" "--remote-debugging-port" "33423" "-no-remote" "-profile" "/tmp/rust_mozprofilelqOzpf"
1638359997757	Marionette	INFO	Marionette enabled
console.warn: SearchSettings: "get: No settings file exists, new profile?" (new NotFoundError("Could not open the file at /tmp/rust_mozprofilelqOzpf/search.json.mozlz4", (void 0)))
DevTools listening on ws://localhost:33423/devtools/browser/5604a90e-05b8-42c7-b09f-1b8e7f871673
1638359998769	Marionette	INFO	Listening on port 42359
1638359998820	RemoteAgent	WARN	TLS certificate errors will be ignored for this session
1638360026684	Marionette	INFO	Stopped listening on port 42359
console.warn: TopSitesFeed: Failed to fetch data from Contile server: NetworkError when attempting to fetch resource.
1638360065195	geckodriver	INFO	Listening on 127.0.0.1:43323
1638360065721	mozrunner::runner	INFO	Running command: "/usr/bin/firefox" "--marionette" "--remote-debugging-port" "60759" "-no-remote" "-profile" "/tmp/rust_mozprofileyrW1M2"
1638360066395	Marionette	INFO	Marionette enabled
console.warn: SearchSettings: "get: No settings file exists, new profile?" (new NotFoundError("Could not open the file at /tmp/rust_mozprofileyrW1M2/search.json.mozlz4", (void 0)))
DevTools listening on ws://localhost:60759/devtools/browser/25ddc3f1-7330-41ba-b4f6-9b8e714274de
1638360067462	Marionette	INFO	Listening on port 34275
1638360067869	RemoteAgent	WARN	TLS certificate errors will be ignored for this session
1638360090944	Marionette	INFO	Stopped listening on port 34275
console.warn: TopSitesFeed: Failed to fetch data from Contile server: NetworkError when attempting to fetch resource.

###!!! [Parent][RunMessage] Error: Channel closing: too late to send/recv, messages will be lost

1638360127141	geckodriver	INFO	Listening on 127.0.0.1:33881
1638360127153	mozrunner::runner	INFO	Running command: "/usr/bin/firefox" "--marionette" "--remote-debugging-port" "49935" "-no-remote" "-profile" "/tmp/rust_mozprofileaahMWT"
1638360127729	Marionette	INFO	Marionette enabled
console.warn: SearchSettings: "get: No settings file exists, new profile?" (new NotFoundError("Could not open the file at /tmp/rust_mozprofileaahMWT/search.json.mozlz4", (void 0)))
DevTools listening on ws://localhost:49935/devtools/browser/f1956c28-c16f-4320-9902-a203c8a22bf0
1638360128822	Marionette	INFO	Listening on port 38509
1638360128870	RemoteAgent	WARN	TLS certificate errors will be ignored for this session
1638360157331	geckodriver	INFO	Listening on 127.0.0.1:49645
1638360157343	mozrunner::runner	INFO	Running command: "/usr/bin/firefox" "--marionette" "--remote-debugging-port" "52001" "-no-remote" "-profile" "/tmp/rust_mozprofileMhlmSF"
1638360157963	Marionette	INFO	Marionette enabled
console.warn: SearchSettings: "get: No settings file exists, new profile?" (new NotFoundError("Could not open the file at /tmp/rust_mozprofileMhlmSF/search.json.mozlz4", (void 0)))
DevTools listening on ws://localhost:52001/devtools/browser/1b4fad00-096f-4e61-a159-39480226fca3
1638360159079	Marionette	INFO	Listening on port 37655
1638360159158	RemoteAgent	WARN	TLS certificate errors will be ignored for this session
Exiting due to channel error.
Exiting due to channel error.
Exiting due to channel error.
1638360186812	geckodriver	INFO	Listening on 127.0.0.1:48613
1638360186832	mozrunner::runner	INFO	Running command: "/usr/bin/firefox" "--marionette" "--remote-debugging-port" "35705" "-no-remote" "-profile" "/tmp/rust_mozprofilejHLYn6"
1638360187618	Marionette	INFO	Marionette enabled
console.warn: SearchSettings: "get: No settings file exists, new profile?" (new NotFoundError("Could not open the file at /tmp/rust_mozprofilejHLYn6/search.json.mozlz4", (void 0)))
DevTools listening on ws://localhost:35705/devtools/browser/2d6aaa4a-b48e-427a-82dd-97ba89dcf446
1638360188928	Marionette	INFO	Listening on port 46185
1638360189330	RemoteAgent	WARN	TLS certificate errors will be ignored for this session
1638360205697	Marionette	INFO	Stopped listening on port 46185
console.warn: TopSitesFeed: Failed to fetch data from Contile server: NetworkError when attempting to fetch resource.
[Parent 116095, IPC I/O Parent] WARNING: FileDescriptorSet destroyed with unconsumed descriptors: file /build/firefox-9p102y/firefox-94.0+build3/ipc/chromium/src/chrome/common/file_descriptor_set_posix.cc:19

###!!! [Parent][RunMessage] Error: Channel closing: too late to send/recv, messages will be lost

1638360274861	geckodriver	INFO	Listening on 127.0.0.1:34749
1638360275387	mozrunner::runner	INFO	Running command: "/usr/bin/firefox" "--marionette" "--remote-debugging-port" "40679" "-no-remote" "-profile" "/tmp/rust_mozprofileoPeOif"
1638360275993	Marionette	INFO	Marionette enabled
console.warn: SearchSettings: "get: No settings file exists, new profile?" (new NotFoundError("Could not open the file at /tmp/rust_mozprofileoPeOif/search.json.mozlz4", (void 0)))
DevTools listening on ws://localhost:40679/devtools/browser/f1ade833-9287-403e-953a-982c31eeaf3a
1638360277401	Marionette	INFO	Listening on port 37505
1638360277549	RemoteAgent	WARN	TLS certificate errors will be ignored for this session
1638360279681	Marionette	INFO	Stopped listening on port 37505
console.warn: TopSitesFeed: Failed to fetch data from Contile server: NetworkError when attempting to fetch resource.
1638360282941	geckodriver	INFO	Listening on 127.0.0.1:51433
1638360282955	mozrunner::runner	INFO	Running command: "/usr/bin/firefox" "--marionette" "--remote-debugging-port" "40807" "-no-remote" "-profile" "/tmp/rust_mozprofiletLUiwc"
1638360283648	Marionette	INFO	Marionette enabled
console.warn: SearchSettings: "get: No settings file exists, new profile?" (new NotFoundError("Could not open the file at /tmp/rust_mozprofiletLUiwc/search.json.mozlz4", (void 0)))
DevTools listening on ws://localhost:40807/devtools/browser/ce8b52f5-c69d-40dd-889b-3a59dd97c439
1638360285065	Marionette	INFO	Listening on port 33445
1638360285180	RemoteAgent	WARN	TLS certificate errors will be ignored for this session
1638360299622	geckodriver	INFO	Listening on 127.0.0.1:45029
1638360299632	mozrunner::runner	INFO	Running command: "/usr/bin/firefox" "--marionette" "--remote-debugging-port" "57687" "-no-remote" "-profile" "/tmp/rust_mozprofileE0UIol"
1638360300303	Marionette	INFO	Marionette enabled
console.warn: SearchSettings: "get: No settings file exists, new profile?" (new NotFoundError("Could not open the file at /tmp/rust_mozprofileE0UIol/search.json.mozlz4", (void 0)))
DevTools listening on ws://localhost:57687/devtools/browser/a7cb2283-11ee-45c2-bc13-7dd20e36498a
1638360301415	Marionette	INFO	Listening on port 42007
1638360301447	RemoteAgent	WARN	TLS certificate errors will be ignored for this session
1638360319401	geckodriver	INFO	Listening on 127.0.0.1:38043
1638360319406	mozrunner::runner	INFO	Running command: "/usr/bin/firefox" "--marionette" "--remote-debugging-port" "56029" "-no-remote" "-profile" "/tmp/rust_mozprofileOwT1k3"
1638360319998	Marionette	INFO	Marionette enabled
console.warn: SearchSettings: "get: No settings file exists, new profile?" (new NotFoundError("Could not open the file at /tmp/rust_mozprofileOwT1k3/search.json.mozlz4", (void 0)))
DevTools listening on ws://localhost:56029/devtools/browser/42d2bdfd-2632-43e2-b566-bff13809e052
1638360321140	Marionette	INFO	Listening on port 44905
1638360321221	RemoteAgent	WARN	TLS certificate errors will be ignored for this session
1638360332246	Marionette	INFO	Stopped listening on port 44905
console.warn: TopSitesFeed: Failed to fetch data from Contile server: NetworkError when attempting to fetch resource.
1638360351641	geckodriver	INFO	Listening on 127.0.0.1:46431
1638360351669	mozrunner::runner	INFO	Running command: "/usr/bin/firefox" "--marionette" "--remote-debugging-port" "48863" "-no-remote" "-profile" "/tmp/rust_mozprofileL2yT2P"
1638360352418	Marionette	INFO	Marionette enabled
console.warn: SearchSettings: "get: No settings file exists, new profile?" (new NotFoundError("Could not open the file at /tmp/rust_mozprofileL2yT2P/search.json.mozlz4", (void 0)))
DevTools listening on ws://localhost:48863/devtools/browser/b0ba364f-de35-4641-8e41-1e240eb8f78e
1638360353452	Marionette	INFO	Listening on port 35145
1638360353485	RemoteAgent	WARN	TLS certificate errors will be ignored for this session
1638360369113	Marionette	INFO	Stopped listening on port 35145
console.warn: TopSitesFeed: Failed to fetch data from Contile server: NetworkError when attempting to fetch resource.

###!!! [Parent][RunMessage] Error: Channel closing: too late to send/recv, messages will be lost

1638360385364	geckodriver	INFO	Listening on 127.0.0.1:34491
1638360385393	mozrunner::runner	INFO	Running command: "/usr/bin/firefox" "--marionette" "--remote-debugging-port" "49149" "-no-remote" "-profile" "/tmp/rust_mozprofilesfTfCj"
1638360386033	Marionette	INFO	Marionette enabled
console.warn: SearchSettings: "get: No settings file exists, new profile?" (new NotFoundError("Could not open the file at /tmp/rust_mozprofilesfTfCj/search.json.mozlz4", (void 0)))
DevTools listening on ws://localhost:49149/devtools/browser/8264623b-6121-4346-9953-18ecbeb18e2f
1638360387157	Marionette	INFO	Listening on port 37431
1638360387209	RemoteAgent	WARN	TLS certificate errors will be ignored for this session
1638360397088	Marionette	INFO	Stopped listening on port 37431
console.warn: TopSitesFeed: Failed to fetch data from Contile server: NetworkError when attempting to fetch resource.
[Parent 120512, IPC I/O Parent] WARNING: FileDescriptorSet destroyed with unconsumed descriptors: file /build/firefox-9p102y/firefox-94.0+build3/ipc/chromium/src/chrome/common/file_descriptor_set_posix.cc:19
1638360416842	geckodriver	INFO	Listening on 127.0.0.1:34503
1638360417369	mozrunner::runner	INFO	Running command: "/usr/bin/firefox" "--marionette" "--remote-debugging-port" "35547" "-no-remote" "-profile" "/tmp/rust_mozprofileMVYaAp"
1638360418019	Marionette	INFO	Marionette enabled
console.warn: SearchSettings: "get: No settings file exists, new profile?" (new NotFoundError("Could not open the file at /tmp/rust_mozprofileMVYaAp/search.json.mozlz4", (void 0)))
DevTools listening on ws://localhost:35547/devtools/browser/74c664ad-3633-468c-b368-c67b69e5a081
1638360419151	Marionette	INFO	Listening on port 43613
1638360419184	RemoteAgent	WARN	TLS certificate errors will be ignored for this session
1638360437073	Marionette	INFO	Stopped listening on port 43613
console.warn: TopSitesFeed: Failed to fetch data from Contile server: NetworkError when attempting to fetch resource.
1638360449704	geckodriver	INFO	Listening on 127.0.0.1:39321
1638360450233	mozrunner::runner	INFO	Running command: "/usr/bin/firefox" "--marionette" "--remote-debugging-port" "37213" "-no-remote" "-profile" "/tmp/rust_mozprofileMfNLOx"
1638360450880	Marionette	INFO	Marionette enabled
console.warn: SearchSettings: "get: No settings file exists, new profile?" (new NotFoundError("Could not open the file at /tmp/rust_mozprofileMfNLOx/search.json.mozlz4", (void 0)))
DevTools listening on ws://localhost:37213/devtools/browser/87d355a3-4586-4873-abf5-fb52d74ff958
1638360451842	Marionette	INFO	Listening on port 40623
1638360451981	RemoteAgent	WARN	TLS certificate errors will be ignored for this session
1638360470004	Marionette	INFO	Stopped listening on port 40623
console.warn: TopSitesFeed: Failed to fetch data from Contile server: NetworkError when attempting to fetch resource.

###!!! [Parent][RunMessage] Error: Channel closing: too late to send/recv, messages will be lost

1638360503429	geckodriver	INFO	Listening on 127.0.0.1:52093
1638360503456	mozrunner::runner	INFO	Running command: "/usr/bin/firefox" "--marionette" "--remote-debugging-port" "57833" "-no-remote" "-profile" "/tmp/rust_mozprofile3VmJLh"
1638360504041	Marionette	INFO	Marionette enabled
console.warn: SearchSettings: "get: No settings file exists, new profile?" (new NotFoundError("Could not open the file at /tmp/rust_mozprofile3VmJLh/search.json.mozlz4", (void 0)))
DevTools listening on ws://localhost:57833/devtools/browser/64bab0dd-ddcb-4192-b26c-28a3c76734a0
1638360505422	Marionette	INFO	Listening on port 43205
1638360505473	RemoteAgent	WARN	TLS certificate errors will be ignored for this session
1638360531764	Marionette	INFO	Stopped listening on port 43205
console.warn: TopSitesFeed: Failed to fetch data from Contile server: NetworkError when attempting to fetch resource.

###!!! [Parent][RunMessage] Error: Channel closing: too late to send/recv, messages will be lost

1638360541812	geckodriver	INFO	Listening on 127.0.0.1:36331
1638360541834	mozrunner::runner	INFO	Running command: "/usr/bin/firefox" "--marionette" "--remote-debugging-port" "59693" "-no-remote" "-profile" "/tmp/rust_mozprofileFzOe9g"
1638360542459	Marionette	INFO	Marionette enabled
console.warn: SearchSettings: "get: No settings file exists, new profile?" (new NotFoundError("Could not open the file at /tmp/rust_mozprofileFzOe9g/search.json.mozlz4", (void 0)))
DevTools listening on ws://localhost:59693/devtools/browser/b3f9905f-cf47-4951-ac29-dbce9517c000
1638360543940	Marionette	INFO	Listening on port 46613
1638360544070	RemoteAgent	WARN	TLS certificate errors will be ignored for this session
1638360573465	Marionette	INFO	Stopped listening on port 46613
console.warn: TopSitesFeed: Failed to fetch data from Contile server: NetworkError when attempting to fetch resource.
1638360603842	geckodriver	INFO	Listening on 127.0.0.1:51627
1638360603872	mozrunner::runner	INFO	Running command: "/usr/bin/firefox" "--marionette" "--remote-debugging-port" "57065" "-no-remote" "-profile" "/tmp/rust_mozprofilePZTClN"
1638360604587	Marionette	INFO	Marionette enabled
console.warn: SearchSettings: "get: No settings file exists, new profile?" (new NotFoundError("Could not open the file at /tmp/rust_mozprofilePZTClN/search.json.mozlz4", (void 0)))
DevTools listening on ws://localhost:57065/devtools/browser/d93d4076-214d-4664-b4a2-a651cc7155c0
1638360605679	Marionette	INFO	Listening on port 34991
1638360605787	RemoteAgent	WARN	TLS certificate errors will be ignored for this session
1638360662496	geckodriver	INFO	Listening on 127.0.0.1:39265
1638360662525	mozrunner::runner	INFO	Running command: "/usr/bin/firefox" "--marionette" "--remote-debugging-port" "44253" "-no-remote" "-profile" "/tmp/rust_mozprofilehV3c54"
1638360663265	Marionette	INFO	Marionette enabled
console.warn: SearchSettings: "get: No settings file exists, new profile?" (new NotFoundError("Could not open the file at /tmp/rust_mozprofilehV3c54/search.json.mozlz4", (void 0)))
DevTools listening on ws://localhost:44253/devtools/browser/98f9d664-3adb-4d89-8fac-20d35b3d4c8f
1638360664700	Marionette	INFO	Listening on port 39111
1638360664749	RemoteAgent	WARN	TLS certificate errors will be ignored for this session
console.warn: LoginRecipes: "getRecipes: falling back to a synchronous message for:" "https://www.twitch.tv"
SourceActor threw an exception: [Exception... "Failed to open input source 'file:///'"  nsresult: "0x80520015 (NS_ERROR_FILE_ACCESS_DENIED)"  location: "JS frame :: resource://devtools/shared/DevToolsUtils.js :: mainThreadFetch/< :: line 670"  data: yes]
Stack: mainThreadFetch/<@resource://devtools/shared/DevToolsUtils.js:670:15
mainThreadFetch@resource://devtools/shared/DevToolsUtils.js:516:10
_fetchURLContents@resource://devtools/server/actors/utils/sources-manager.js:442:22
urlContents@resource://devtools/server/actors/utils/sources-manager.js:406:17
_resurrectSource@resource://devtools/server/actors/thread.js:2091:35
addAllSources@resource://devtools/server/actors/thread.js:1446:14
watch@resource://devtools/server/actors/resources/sources.js:52:17
watchResources@resource://devtools/server/actors/resources/index.js:242:19
_watchTargetResources@resource://devtools/server/actors/targets/target-actor-mixin.js:175:24
addWatcherDataEntry@resource://devtools/server/actors/targets/target-actor-mixin.js:52:20
_addWatcherDataEntry@resource://devtools/server/connectors/js-window-actor/DevToolsFrameChild.jsm:582:24
receiveMessage@resource://devtools/server/connectors/js-window-actor/DevToolsFrameChild.jsm:496:21
Line: 670, column: 0
console.error: ({})
JavaScript error: resource://devtools/shared/DevToolsUtils.js, line 670: NS_ERROR_FILE_ACCESS_DENIED: Failed to open input source 'file:///'
JavaScript error: resource://devtools/server/actors/network-monitor/network-event-actor.js, line 110: Error: Got a request https://static.twitchcdn.net/assets/core-386aa1dece926e8aafe6.css without a browsingContextID set
console.error: "Error while calling actor 'pagestyle's method 'getApplied'" "node is null"
console.error: (new TypeError("node is null", "resource://devtools/server/actors/page-style.js", 570))
console.error: (new TypeError("parent is null", "resource://devtools/client/inspector/shared/style-change-tracker.js", 67))
TypeError: parent is null: canMutationImpactCurrentStyles@resource://devtools/client/inspector/shared/style-change-tracker.js:67:24
onMutations@resource://devtools/client/inspector/shared/style-change-tracker.js:84:41
_emit@resource://devtools/shared/event-emitter.js:244:34
emit@resource://devtools/shared/event-emitter.js:190:18
emit@resource://devtools/shared/event-emitter.js:342:18
getMutations@resource://devtools/client/fronts/walker.js:311:10

console.error: (new TypeError("nodeFront.walkerFront is null", "resource://devtools/client/inspector/markup/markup.js", 951))
TypeError: nodeFront.walkerFront is null: _onNewSelection@resource://devtools/client/inspector/markup/markup.js:951:7
_emit@resource://devtools/shared/event-emitter.js:244:34
emit@resource://devtools/shared/event-emitter.js:190:18
emit@resource://devtools/shared/event-emitter.js:342:18
setNodeFront@resource://devtools/client/framework/selection.js:162:10
onDetached@resource://devtools/client/inspector/inspector.js:1651:20
_emit@resource://devtools/shared/event-emitter.js:244:34
emit@resource://devtools/shared/event-emitter.js:190:18
emit@resource://devtools/shared/event-emitter.js:342:18
_onMutations@resource://devtools/client/framework/selection.js:104:12
_emit@resource://devtools/shared/event-emitter.js:244:34
emit@resource://devtools/shared/event-emitter.js:190:18
emit@resource://devtools/shared/event-emitter.js:342:18
getMutations@resource://devtools/client/fronts/walker.js:311:10

console.error: (new Error("Can not send request 'getAllSelectors' because front 'domnode' is already destroyed.", "resource://devtools/shared/protocol/Front/FrontClassWithSpec.js", 28))
Error: Can not send request 'getAllSelectors' because front 'domnode' is already destroyed.: generateRequestMethods/</frontProto[name]@resource://devtools/shared/protocol/Front/FrontClassWithSpec.js:28:15
updateSelectionCssSelectors@resource://devtools/client/inspector/inspector.js:1452:32
onNewSelection@resource://devtools/client/inspector/inspector.js:1523:10
_emit@resource://devtools/shared/event-emitter.js:244:34
emit@resource://devtools/shared/event-emitter.js:190:18
emit@resource://devtools/shared/event-emitter.js:342:18
setNodeFront@resource://devtools/client/framework/selection.js:162:10
onDetached@resource://devtools/client/inspector/inspector.js:1651:20
_emit@resource://devtools/shared/event-emitter.js:244:34
emit@resource://devtools/shared/event-emitter.js:190:18
emit@resource://devtools/shared/event-emitter.js:342:18
_onMutations@resource://devtools/client/framework/selection.js:104:12
_emit@resource://devtools/shared/event-emitter.js:244:34
emit@resource://devtools/shared/event-emitter.js:190:18
emit@resource://devtools/shared/event-emitter.js:342:18
getMutations@resource://devtools/client/fronts/walker.js:311:10

console.error: (new TypeError("container.node.targetFront is null", "resource://devtools/client/inspector/markup/markup.js", 2314))
console.error: (new TypeError("container.node.targetFront is null", "resource://devtools/client/inspector/markup/markup.js", 2314))
console.error: (new Error("Protocol error (TypeError): node is null from: server0.conn0.windowGlobal2147483650/pagestyle26 (resource://devtools/server/actors/page-style.js:570:5)", "resource://devtools/shared/protocol/Front.js", 365))
JavaScript error: resource://gre/modules/AsyncShutdown.jsm, line 575: NotFoundError: No such JSWindowActor 'DevToolsFrame'
1638360753597	Marionette	INFO	Stopped listening on port 39111
console.warn: TopSitesFeed: Failed to fetch data from Contile server: NetworkError when attempting to fetch resource.

###!!! [Parent][RunMessage] Error: Channel closing: too late to send/recv, messages will be lost

1638360900517	geckodriver	INFO	Listening on 127.0.0.1:48233
1638360901025	mozrunner::runner	INFO	Running command: "/usr/bin/firefox" "--marionette" "--remote-debugging-port" "48441" "-no-remote" "-profile" "/tmp/rust_mozprofile5XA2Yq"
1638360901791	Marionette	INFO	Marionette enabled
console.warn: SearchSettings: "get: No settings file exists, new profile?" (new NotFoundError("Could not open the file at /tmp/rust_mozprofile5XA2Yq/search.json.mozlz4", (void 0)))
DevTools listening on ws://localhost:48441/devtools/browser/5a1ad3b1-db12-41e8-8005-3411d9e8cae1
1638360902878	Marionette	INFO	Listening on port 34763
1638360902976	RemoteAgent	WARN	TLS certificate errors will be ignored for this session
1638360911418	Marionette	INFO	Stopped listening on port 34763

###!!! [Parent][RunMessage] Error: Channel closing: too late to send/recv, messages will be lost

1638360930397	geckodriver	INFO	Listening on 127.0.0.1:48657
1638360930430	mozrunner::runner	INFO	Running command: "/usr/bin/firefox" "--marionette" "--remote-debugging-port" "48735" "-no-remote" "-profile" "/tmp/rust_mozprofileR21uxI"
1638360931185	Marionette	INFO	Marionette enabled
console.warn: SearchSettings: "get: No settings file exists, new profile?" (new NotFoundError("Could not open the file at /tmp/rust_mozprofileR21uxI/search.json.mozlz4", (void 0)))
DevTools listening on ws://localhost:48735/devtools/browser/bffa64ab-75fb-4f9f-bb89-e0ce7e73b1d0
1638360932624	Marionette	INFO	Listening on port 40637
1638360932649	RemoteAgent	WARN	TLS certificate errors will be ignored for this session
JavaScript warning: https://client-api.arkoselabs.com/cdn/fc/js/c8a28c9426a0055bd5f002e0ad8f8bf33c9146ec/standard/funcaptcha_api.js, line 2: WEBGL_debug_renderer_info is deprecated in Firefox and will be removed. Please use RENDERER.
1638360952470	Marionette	INFO	Stopped listening on port 40637
console.warn: TopSitesFeed: Failed to fetch data from Contile server: NetworkError when attempting to fetch resource.
JavaScript error: chrome://remote/content/marionette/cert.js, line 55: NS_ERROR_NOT_AVAILABLE: Component returned failure code: 0x80040111 (NS_ERROR_NOT_AVAILABLE) [nsICertOverrideService.setDisableAllSecurityChecksAndLetAttackersInterceptMyData]
1638360955271	geckodriver::marionette	ERROR	Failed to close browser connection: Socket not connected (os error 107)
1638360972292	geckodriver	INFO	Listening on 127.0.0.1:49823
1638360972307	mozrunner::runner	INFO	Running command: "/usr/bin/firefox" "--marionette" "--remote-debugging-port" "44613" "-no-remote" "-profile" "/tmp/rust_mozprofileDcuU5m"
1638360972926	Marionette	INFO	Marionette enabled
console.warn: SearchSettings: "get: No settings file exists, new profile?" (new NotFoundError("Could not open the file at /tmp/rust_mozprofileDcuU5m/search.json.mozlz4", (void 0)))
DevTools listening on ws://localhost:44613/devtools/browser/dadff65c-ff44-4a2c-acf5-15cf992fb6d9
1638360974093	Marionette	INFO	Listening on port 38907
1638360974121	RemoteAgent	WARN	TLS certificate errors will be ignored for this session
JavaScript warning: https://client-api.arkoselabs.com/cdn/fc/js/c8a28c9426a0055bd5f002e0ad8f8bf33c9146ec/standard/funcaptcha_api.js, line 2: WEBGL_debug_renderer_info is deprecated in Firefox and will be removed. Please use RENDERER.
console.log: WebExtensions: reset-default-search: starting.
console.log: WebExtensions: reset-default-search: No addons in our list are installed.
1638360997689	Marionette	INFO	Stopped listening on port 38907
console.warn: TopSitesFeed: Failed to fetch data from Contile server: NetworkError when attempting to fetch resource.
JavaScript error: chrome://remote/content/marionette/cert.js, line 55: NS_ERROR_NOT_AVAILABLE: Component returned failure code: 0x80040111 (NS_ERROR_NOT_AVAILABLE) [nsICertOverrideService.setDisableAllSecurityChecksAndLetAttackersInterceptMyData]

###!!! [Parent][RunMessage] Error: Channel closing: too late to send/recv, messages will be lost

1638361002052	geckodriver::marionette	ERROR	Failed to close browser connection: Socket not connected (os error 107)
Gdk-Message: 07:18:39.714: firefox: Fatal IO error 11 (Resource temporarily unavailable) on X server :1.

Exiting due to channel error.
Exiting due to channel error.
[GFX1-]: Receive IPC close with reason=AbnormalShutdown
Exiting due to channel error.
1638489989866	geckodriver	INFO	Listening on 127.0.0.1:53301
1638489990382	mozrunner::runner	INFO	Running command: "/usr/bin/firefox" "--marionette" "--remote-debugging-port" "51245" "-no-remote" "-profile" "/tmp/rust_mozprofileNvr5mz"
1638489990938	Marionette	INFO	Marionette enabled
console.warn: SearchSettings: "get: No settings file exists, new profile?" (new NotFoundError("Could not open the file at /tmp/rust_mozprofileNvr5mz/search.json.mozlz4", (void 0)))
DevTools listening on ws://localhost:51245/devtools/browser/53cd7b75-83cf-4a80-8eef-fff99f15b09c
1638489992141	Marionette	INFO	Listening on port 37317
1638489992203	RemoteAgent	WARN	TLS certificate errors will be ignored for this session
1638490034499	Marionette	INFO	Stopped listening on port 37317

###!!! [Child][RunMessage] Error: Channel closing: too late to send/recv, messages will be lost

console.warn: TopSitesFeed: Failed to fetch data from Contile server: NetworkError when attempting to fetch resource.
JavaScript error: chrome://remote/content/marionette/cert.js, line 55: NS_ERROR_NOT_AVAILABLE: Component returned failure code: 0x80040111 (NS_ERROR_NOT_AVAILABLE) [nsICertOverrideService.setDisableAllSecurityChecksAndLetAttackersInterceptMyData]

###!!! [Parent][RunMessage] Error: Channel closing: too late to send/recv, messages will be lost

1638490044903	geckodriver	INFO	Listening on 127.0.0.1:35119
1638490044911	mozrunner::runner	INFO	Running command: "/usr/bin/firefox" "--marionette" "--remote-debugging-port" "36183" "-no-remote" "-profile" "/tmp/rust_mozprofile7ZjwhZ"
1638490045518	Marionette	INFO	Marionette enabled
console.warn: SearchSettings: "get: No settings file exists, new profile?" (new NotFoundError("Could not open the file at /tmp/rust_mozprofile7ZjwhZ/search.json.mozlz4", (void 0)))
DevTools listening on ws://localhost:36183/devtools/browser/251f832c-c590-4772-b735-9c9c38683535
1638490046597	Marionette	INFO	Listening on port 44635
1638490046625	RemoteAgent	WARN	TLS certificate errors will be ignored for this session
1638490062177	Marionette	INFO	Stopped listening on port 44635
console.warn: TopSitesFeed: Failed to fetch data from Contile server: NetworkError when attempting to fetch resource.
JavaScript error: chrome://remote/content/marionette/cert.js, line 55: NS_ERROR_NOT_AVAILABLE: Component returned failure code: 0x80040111 (NS_ERROR_NOT_AVAILABLE) [nsICertOverrideService.setDisableAllSecurityChecksAndLetAttackersInterceptMyData]

###!!! [Parent][RunMessage] Error: Channel closing: too late to send/recv, messages will be lost

[Parent 66021, IPC I/O Parent] WARNING: FileDescriptorSet destroyed with unconsumed descriptors: file /build/firefox-9p102y/firefox-94.0+build3/ipc/chromium/src/chrome/common/file_descriptor_set_posix.cc:19

###!!! [Parent][RunMessage] Error: Channel closing: too late to send/recv, messages will be lost

1638490085081	geckodriver	INFO	Listening on 127.0.0.1:45483
1638490085088	mozrunner::runner	INFO	Running command: "/usr/bin/firefox" "--marionette" "--remote-debugging-port" "54331" "-no-remote" "-profile" "/tmp/rust_mozprofile49AXRN"
1638490085639	Marionette	INFO	Marionette enabled
console.warn: SearchSettings: "get: No settings file exists, new profile?" (new NotFoundError("Could not open the file at /tmp/rust_mozprofile49AXRN/search.json.mozlz4", (void 0)))
DevTools listening on ws://localhost:54331/devtools/browser/8876b523-136a-41ff-b6b7-b5ad5b341cfa
1638490086839	Marionette	INFO	Listening on port 46647
1638490086903	RemoteAgent	WARN	TLS certificate errors will be ignored for this session
1638490108383	Marionette	INFO	Stopped listening on port 46647
console.warn: TopSitesFeed: Failed to fetch data from Contile server: NetworkError when attempting to fetch resource.
JavaScript error: chrome://remote/content/marionette/cert.js, line 55: NS_ERROR_NOT_AVAILABLE: Component returned failure code: 0x80040111 (NS_ERROR_NOT_AVAILABLE) [nsICertOverrideService.setDisableAllSecurityChecksAndLetAttackersInterceptMyData]

###!!! [Parent][RunMessage] Error: Channel closing: too late to send/recv, messages will be lost

1638490164993	geckodriver	INFO	Listening on 127.0.0.1:44665
1638490164998	mozrunner::runner	INFO	Running command: "/usr/bin/firefox" "--marionette" "--remote-debugging-port" "35409" "-no-remote" "-profile" "/tmp/rust_mozprofileRDDSUq"
1638490165592	Marionette	INFO	Marionette enabled
console.warn: SearchSettings: "get: No settings file exists, new profile?" (new NotFoundError("Could not open the file at /tmp/rust_mozprofileRDDSUq/search.json.mozlz4", (void 0)))
DevTools listening on ws://localhost:35409/devtools/browser/b5cc81c9-0f13-4334-9b8e-0050d5dcd77a
1638490166747	Marionette	INFO	Listening on port 44961
1638490166812	RemoteAgent	WARN	TLS certificate errors will be ignored for this session
1638490194091	Marionette	INFO	Stopped listening on port 44961
console.warn: TopSitesFeed: Failed to fetch data from Contile server: NetworkError when attempting to fetch resource.
1638490234685	geckodriver	INFO	Listening on 127.0.0.1:47411
1638490234693	mozrunner::runner	INFO	Running command: "/usr/bin/firefox" "--marionette" "--remote-debugging-port" "41315" "-no-remote" "-profile" "/tmp/rust_mozprofile9Yj3LE"
1638490235278	Marionette	INFO	Marionette enabled
console.warn: SearchSettings: "get: No settings file exists, new profile?" (new NotFoundError("Could not open the file at /tmp/rust_mozprofile9Yj3LE/search.json.mozlz4", (void 0)))
DevTools listening on ws://localhost:41315/devtools/browser/1f022698-bd2d-479b-95c4-2a5b44414a6c
1638490236212	Marionette	INFO	Listening on port 38113
1638490236308	RemoteAgent	WARN	TLS certificate errors will be ignored for this session
1638490265071	Marionette	INFO	Stopped listening on port 38113

###!!! [Parent][RunMessage] Error: Channel closing: too late to send/recv, messages will be lost

